<?xml version="1.0" encoding="UTF-8"?>
<!-- Generated by org.testng.reporters.JUnitReportReporter -->
<testsuite skipped="0" hostname="DESKTOP-CTRD12V" name="com.Tests.LoginTestCase" tests="1" failures="0" timestamp="07 Jul 2018 14:55:19 GMT" time="54.387" errors="0">
  <testcase name="LaunchApplication" time="54.387" classname="com.Tests.LoginTestCase"/>
</testsuite> <!-- com.Tests.LoginTestCase -->
