<?xml version="1.0" encoding="UTF-8"?>
<!-- Generated by org.testng.reporters.JUnitReportReporter -->
<testsuite skipped="0" hostname="DESKTOP-CTRD12V" name="com.Tests.Mobileselection" tests="3" failures="0" timestamp="05 Jul 2018 21:50:25 GMT" time="143.289" errors="0">
  <testcase name="HomePage" time="77.629" classname="com.Tests.Mobileselection"/>
  <testcase name="VerifyUserLogin" time="5.920" classname="com.Tests.Mobileselection"/>
  <testcase name="setUpApplication" time="59.740" classname="com.Tests.Mobileselection"/>
</testsuite> <!-- com.Tests.Mobileselection -->
