<?xml version="1.0" encoding="UTF-8"?>
<!-- Generated by org.testng.reporters.JUnitReportReporter -->
<testsuite skipped="0" hostname="DESKTOP-CTRD12V" name="com.Tests.FlipCartTestCases" tests="1" failures="0" timestamp="08 Jul 2018 14:56:11 GMT" time="359.407" errors="0">
  <testcase name="ExecuteTestCases" time="359.407" classname="com.Tests.FlipCartTestCases"/>
</testsuite> <!-- com.Tests.FlipCartTestCases -->
