<?xml version="1.0" encoding="UTF-8"?>
<!-- Generated by org.testng.reporters.JUnitReportReporter -->
<testsuite skipped="0" hostname="DESKTOP-CTRD12V" name="com.Tests.BaseClass" tests="1" failures="0" timestamp="05 Jul 2018 11:37:24 GMT" time="85.383" errors="0">
  <testcase name="setUpApplication" time="85.383" classname="com.Tests.BaseClass"/>
</testsuite> <!-- com.Tests.BaseClass -->
